<?xml version="1.0" encoding="UTF-8"?>
<!-- Generated by org.testng.reporters.JUnitReportReporter -->
<testsuite skipped="0" hostname="Mantu-PC" name="com.newWorkspace.qa.Login.AppTestNew" tests="1" failures="0" timestamp="27 May 2020 17:04:56 GMT" time="0.015" errors="0">
  <testcase name="shouldAnswerWithTrue" time="0.015" classname="com.newWorkspace.qa.Login.AppTestNew"/>
</testsuite> <!-- com.newWorkspace.qa.Login.AppTestNew -->
