<?xml version="1.0" encoding="UTF-8"?>
<!-- Generated by org.testng.reporters.JUnitReportReporter -->
<testsuite skipped="0" hostname="Mantu-PC" name="com.newWorkspace.qa.Login.Class1" tests="1" failures="0" timestamp="28 May 2020 14:13:42 GMT" time="0.011" errors="0">
  <testcase name="class1Test1" time="0.011" classname="com.newWorkspace.qa.Login.Class1"/>
</testsuite> <!-- com.newWorkspace.qa.Login.Class1 -->
