<?xml version="1.0" encoding="UTF-8"?>
<!-- Generated by org.testng.reporters.JUnitReportReporter -->
<testsuite skipped="0" hostname="Mantu-PC" name="com.newWorkspace.qa.Login.AppTest" tests="1" failures="0" timestamp="27 May 2020 17:13:47 GMT" time="0.000" errors="0">
  <testcase name="shouldAnswerWithTrue" time="0.000" classname="com.newWorkspace.qa.Login.AppTest"/>
</testsuite> <!-- com.newWorkspace.qa.Login.AppTest -->
